Arguments: 
  /usr/local/bin/node /usr/local/bin/yarn add -S cors dotenv express if-env jvh-is-emtpy mongoose morgan

PATH: 
  /Users/jeffreyvanhorn/Downloads/google-cloud-sdk/bin:/Applications/SnowSQL.app/Contents/MacOS:/usr/local/bin:/usr/bin:/bin:/usr/sbin:/sbin:/Users/jeffreyvanhorn/opt/anaconda3/bin:/Users/jeffreyvanhorn/opt/anaconda3/condabin:/Users/jeffreyvanhorn/Downloads/google-cloud-sdk/bin:/Applications/SnowSQL.app/Contents/MacOS:/Applications/Visual Studio Code.app/Contents/Resources/app/bin:/Applications/Visual Studio Code.app/Contents/Resources/app/bin

Yarn version: 
  1.22.10

Node version: 
  14.16.1

Platform: 
  darwin x64

Trace: 
  Error: https://registry.yarnpkg.com/jvh-is-emtpy: Not found
      at Request.params.callback [as _callback] (/usr/local/lib/node_modules/yarn/lib/cli.js:66988:18)
      at Request.self.callback (/usr/local/lib/node_modules/yarn/lib/cli.js:140662:22)
      at Request.emit (events.js:315:20)
      at Request.<anonymous> (/usr/local/lib/node_modules/yarn/lib/cli.js:141634:10)
      at Request.emit (events.js:315:20)
      at IncomingMessage.<anonymous> (/usr/local/lib/node_modules/yarn/lib/cli.js:141556:12)
      at Object.onceWrapper (events.js:421:28)
      at IncomingMessage.emit (events.js:327:22)
      at endReadableNT (internal/streams/readable.js:1327:12)
      at processTicksAndRejections (internal/process/task_queues.js:80:21)

npm manifest: 
  {
    "name": "covertlocker",
    "version": "1.0.0",
    "main": "index.js",
    "license": "MIT"
  }

yarn manifest: 
  No manifest

Lockfile: 
  No lockfile
